1739471478: mosquitto version 2.0.20 starting
1739471478: Config loaded from /mosquitto/config/mosquitto.conf.
1739471478: Opening ipv4 listen socket on port 1883.
1739471478: Opening ipv6 listen socket on port 1883.
1739471478: mosquitto version 2.0.20 running
1739471478: New connection from 172.19.0.1:55716 on port 1883.
1739471478: New client connected from 172.19.0.1:55716 as auto-576F6E18-B01E-0274-862A-0DEA1CF5B87C (p2, c1, k60).
1739471478: No will message specified.
1739471478: Sending CONNACK to auto-576F6E18-B01E-0274-862A-0DEA1CF5B87C (0, 0)
1739471478: Received SUBSCRIBE from auto-576F6E18-B01E-0274-862A-0DEA1CF5B87C
1739471478: 	test/topic (QoS 0)
1739471478: auto-576F6E18-B01E-0274-862A-0DEA1CF5B87C 0 test/topic
1739471478: Sending SUBACK to auto-576F6E18-B01E-0274-862A-0DEA1CF5B87C
1739471484: New connection from 172.19.0.1:64964 on port 1883.
1739471484: New client connected from 172.19.0.1:64964 as auto-D1B60DF6-2887-D6B3-A90A-5439CF93BD7C (p2, c1, k60).
1739471484: No will message specified.
1739471484: Sending CONNACK to auto-D1B60DF6-2887-D6B3-A90A-5439CF93BD7C (0, 0)
1739471484: Received SUBSCRIBE from auto-D1B60DF6-2887-D6B3-A90A-5439CF93BD7C
1739471484: 	test/topic (QoS 0)
1739471484: auto-D1B60DF6-2887-D6B3-A90A-5439CF93BD7C 0 test/topic
1739471484: Sending SUBACK to auto-D1B60DF6-2887-D6B3-A90A-5439CF93BD7C
1739471489: Received DISCONNECT from auto-576F6E18-B01E-0274-862A-0DEA1CF5B87C
1739471489: Client auto-576F6E18-B01E-0274-862A-0DEA1CF5B87C disconnected.
1739471493: Received DISCONNECT from auto-D1B60DF6-2887-D6B3-A90A-5439CF93BD7C
1739471493: Client auto-D1B60DF6-2887-D6B3-A90A-5439CF93BD7C disconnected.
1739471498: mosquitto version 2.0.20 terminating
1739471502: mosquitto version 2.0.20 starting
1739471502: Config loaded from /mosquitto/config/mosquitto.conf.
1739471502: Opening ipv4 listen socket on port 1883.
1739471502: Opening ipv6 listen socket on port 1883.
1739471502: mosquitto version 2.0.20 running
1739471507: New connection from 172.19.0.1:55998 on port 1883.
1739471507: New client connected from 172.19.0.1:55998 as auto-07D8809F-F3A9-E72A-FFE2-CCD6D21FC6B7 (p2, c1, k60).
1739471507: No will message specified.
1739471507: Sending CONNACK to auto-07D8809F-F3A9-E72A-FFE2-CCD6D21FC6B7 (0, 0)
1739471507: Received SUBSCRIBE from auto-07D8809F-F3A9-E72A-FFE2-CCD6D21FC6B7
1739471507: 	test/topic (QoS 0)
1739471507: auto-07D8809F-F3A9-E72A-FFE2-CCD6D21FC6B7 0 test/topic
1739471507: Sending SUBACK to auto-07D8809F-F3A9-E72A-FFE2-CCD6D21FC6B7
1739471516: New connection from 172.19.0.1:62228 on port 1883.
1739471516: New client connected from 172.19.0.1:62228 as auto-FEB422EB-FD4E-5FD9-524A-359E6C038486 (p2, c1, k60).
1739471516: No will message specified.
1739471516: Sending CONNACK to auto-FEB422EB-FD4E-5FD9-524A-359E6C038486 (0, 0)
1739471516: Received PUBLISH from auto-FEB422EB-FD4E-5FD9-524A-359E6C038486 (d0, q0, r0, m0, 'test/topic', ... (10 bytes))
1739471516: Sending PUBLISH to auto-07D8809F-F3A9-E72A-FFE2-CCD6D21FC6B7 (d0, q0, r0, m0, 'test/topic', ... (10 bytes))
1739471516: Received DISCONNECT from auto-FEB422EB-FD4E-5FD9-524A-359E6C038486
1739471516: Client auto-FEB422EB-FD4E-5FD9-524A-359E6C038486 disconnected.
1739471567: Received PINGREQ from auto-07D8809F-F3A9-E72A-FFE2-CCD6D21FC6B7
1739471567: Sending PINGRESP to auto-07D8809F-F3A9-E72A-FFE2-CCD6D21FC6B7
1739471628: Received PINGREQ from auto-07D8809F-F3A9-E72A-FFE2-CCD6D21FC6B7
1739471628: Sending PINGRESP to auto-07D8809F-F3A9-E72A-FFE2-CCD6D21FC6B7
1739471688: Received PINGREQ from auto-07D8809F-F3A9-E72A-FFE2-CCD6D21FC6B7
1739471688: Sending PINGRESP to auto-07D8809F-F3A9-E72A-FFE2-CCD6D21FC6B7
1739471748: Received PINGREQ from auto-07D8809F-F3A9-E72A-FFE2-CCD6D21FC6B7
1739471748: Sending PINGRESP to auto-07D8809F-F3A9-E72A-FFE2-CCD6D21FC6B7
1739471782: Received DISCONNECT from auto-07D8809F-F3A9-E72A-FFE2-CCD6D21FC6B7
1739471782: Client auto-07D8809F-F3A9-E72A-FFE2-CCD6D21FC6B7 disconnected.
1739471814: mosquitto version 2.0.20 terminating
1739471823: mosquitto version 2.0.20 starting
1739471823: Config loaded from /mosquitto/config/mosquitto.conf.
1739471823: Opening ipv4 listen socket on port 8883.
1739471823: Opening ipv6 listen socket on port 8883.
1739471823: mosquitto version 2.0.20 running
1739471842: New connection from 172.19.0.1:63468 on port 8883.
1739471842: New client connected from 172.19.0.1:63468 as auto-ECAC56D8-B4D8-23ED-D789-2B003A06C1A0 (p2, c1, k60).
1739471842: No will message specified.
1739471842: Sending CONNACK to auto-ECAC56D8-B4D8-23ED-D789-2B003A06C1A0 (0, 0)
1739471842: Received SUBSCRIBE from auto-ECAC56D8-B4D8-23ED-D789-2B003A06C1A0
1739471842: 	test/topic (QoS 0)
1739471842: auto-ECAC56D8-B4D8-23ED-D789-2B003A06C1A0 0 test/topic
1739471842: Sending SUBACK to auto-ECAC56D8-B4D8-23ED-D789-2B003A06C1A0
1739471902: Received PINGREQ from auto-ECAC56D8-B4D8-23ED-D789-2B003A06C1A0
1739471902: Sending PINGRESP to auto-ECAC56D8-B4D8-23ED-D789-2B003A06C1A0
1739471962: Received PINGREQ from auto-ECAC56D8-B4D8-23ED-D789-2B003A06C1A0
1739471962: Sending PINGRESP to auto-ECAC56D8-B4D8-23ED-D789-2B003A06C1A0
1739471977: New connection from 172.19.0.1:55684 on port 8883.
1739471977: New client connected from 172.19.0.1:55684 as auto-79AA4CF2-F662-7EF2-ACBF-500E1FAB41D0 (p2, c1, k60).
1739471977: No will message specified.
1739471977: Sending CONNACK to auto-79AA4CF2-F662-7EF2-ACBF-500E1FAB41D0 (0, 0)
1739471977: Received PUBLISH from auto-79AA4CF2-F662-7EF2-ACBF-500E1FAB41D0 (d0, q0, r0, m0, 'test/topic', ... (21 bytes))
1739471977: Sending PUBLISH to auto-ECAC56D8-B4D8-23ED-D789-2B003A06C1A0 (d0, q0, r0, m0, 'test/topic', ... (21 bytes))
1739471977: Received DISCONNECT from auto-79AA4CF2-F662-7EF2-ACBF-500E1FAB41D0
1739471977: Client auto-79AA4CF2-F662-7EF2-ACBF-500E1FAB41D0 disconnected.
1739471996: New connection from 172.19.0.1:65016 on port 8883.
1739471996: New client connected from 172.19.0.1:65016 as auto-712F333A-6549-E427-5131-AC15E831ADFB (p2, c1, k60).
1739471996: No will message specified.
1739471996: Sending CONNACK to auto-712F333A-6549-E427-5131-AC15E831ADFB (0, 0)
1739471996: Received PUBLISH from auto-712F333A-6549-E427-5131-AC15E831ADFB (d0, q0, r0, m0, 'test/topic', ... (21 bytes))
1739471996: Sending PUBLISH to auto-ECAC56D8-B4D8-23ED-D789-2B003A06C1A0 (d0, q0, r0, m0, 'test/topic', ... (21 bytes))
1739471996: Received DISCONNECT from auto-712F333A-6549-E427-5131-AC15E831ADFB
1739471996: Client auto-712F333A-6549-E427-5131-AC15E831ADFB disconnected.
1739472023: Received PINGREQ from auto-ECAC56D8-B4D8-23ED-D789-2B003A06C1A0
1739472023: Sending PINGRESP to auto-ECAC56D8-B4D8-23ED-D789-2B003A06C1A0
1739472083: Received PINGREQ from auto-ECAC56D8-B4D8-23ED-D789-2B003A06C1A0
1739472083: Sending PINGRESP to auto-ECAC56D8-B4D8-23ED-D789-2B003A06C1A0
1739472143: Received PINGREQ from auto-ECAC56D8-B4D8-23ED-D789-2B003A06C1A0
1739472143: Sending PINGRESP to auto-ECAC56D8-B4D8-23ED-D789-2B003A06C1A0
1739472202: Received PINGREQ from auto-ECAC56D8-B4D8-23ED-D789-2B003A06C1A0
1739472202: Sending PINGRESP to auto-ECAC56D8-B4D8-23ED-D789-2B003A06C1A0
1739472262: Received PINGREQ from auto-ECAC56D8-B4D8-23ED-D789-2B003A06C1A0
1739472262: Sending PINGRESP to auto-ECAC56D8-B4D8-23ED-D789-2B003A06C1A0
1739472322: Received PINGREQ from auto-ECAC56D8-B4D8-23ED-D789-2B003A06C1A0
1739472322: Sending PINGRESP to auto-ECAC56D8-B4D8-23ED-D789-2B003A06C1A0
1739472383: Received PINGREQ from auto-ECAC56D8-B4D8-23ED-D789-2B003A06C1A0
1739472383: Sending PINGRESP to auto-ECAC56D8-B4D8-23ED-D789-2B003A06C1A0
1739472443: Received PINGREQ from auto-ECAC56D8-B4D8-23ED-D789-2B003A06C1A0
1739472443: Sending PINGRESP to auto-ECAC56D8-B4D8-23ED-D789-2B003A06C1A0
1739472503: Received PINGREQ from auto-ECAC56D8-B4D8-23ED-D789-2B003A06C1A0
1739472503: Sending PINGRESP to auto-ECAC56D8-B4D8-23ED-D789-2B003A06C1A0
1739472562: Received PINGREQ from auto-ECAC56D8-B4D8-23ED-D789-2B003A06C1A0
1739472562: Sending PINGRESP to auto-ECAC56D8-B4D8-23ED-D789-2B003A06C1A0
1739472622: Received PINGREQ from auto-ECAC56D8-B4D8-23ED-D789-2B003A06C1A0
1739472622: Sending PINGRESP to auto-ECAC56D8-B4D8-23ED-D789-2B003A06C1A0
1739472682: Received PINGREQ from auto-ECAC56D8-B4D8-23ED-D789-2B003A06C1A0
1739472682: Sending PINGRESP to auto-ECAC56D8-B4D8-23ED-D789-2B003A06C1A0
1739472743: Received PINGREQ from auto-ECAC56D8-B4D8-23ED-D789-2B003A06C1A0
1739472743: Sending PINGRESP to auto-ECAC56D8-B4D8-23ED-D789-2B003A06C1A0
1739472803: Received PINGREQ from auto-ECAC56D8-B4D8-23ED-D789-2B003A06C1A0
1739472803: Sending PINGRESP to auto-ECAC56D8-B4D8-23ED-D789-2B003A06C1A0
1739472863: Received PINGREQ from auto-ECAC56D8-B4D8-23ED-D789-2B003A06C1A0
1739472863: Sending PINGRESP to auto-ECAC56D8-B4D8-23ED-D789-2B003A06C1A0
1739472923: Received PINGREQ from auto-ECAC56D8-B4D8-23ED-D789-2B003A06C1A0
1739472923: Sending PINGRESP to auto-ECAC56D8-B4D8-23ED-D789-2B003A06C1A0
1739472983: Received PINGREQ from auto-ECAC56D8-B4D8-23ED-D789-2B003A06C1A0
1739472983: Sending PINGRESP to auto-ECAC56D8-B4D8-23ED-D789-2B003A06C1A0
1739473042: Received PINGREQ from auto-ECAC56D8-B4D8-23ED-D789-2B003A06C1A0
1739473042: Sending PINGRESP to auto-ECAC56D8-B4D8-23ED-D789-2B003A06C1A0
1739473102: Received PINGREQ from auto-ECAC56D8-B4D8-23ED-D789-2B003A06C1A0
1739473102: Sending PINGRESP to auto-ECAC56D8-B4D8-23ED-D789-2B003A06C1A0
1739473163: Received PINGREQ from auto-ECAC56D8-B4D8-23ED-D789-2B003A06C1A0
1739473163: Sending PINGRESP to auto-ECAC56D8-B4D8-23ED-D789-2B003A06C1A0
1739473223: Received PINGREQ from auto-ECAC56D8-B4D8-23ED-D789-2B003A06C1A0
1739473223: Sending PINGRESP to auto-ECAC56D8-B4D8-23ED-D789-2B003A06C1A0
1739473283: Received PINGREQ from auto-ECAC56D8-B4D8-23ED-D789-2B003A06C1A0
1739473283: Sending PINGRESP to auto-ECAC56D8-B4D8-23ED-D789-2B003A06C1A0
1739473343: Received PINGREQ from auto-ECAC56D8-B4D8-23ED-D789-2B003A06C1A0
1739473343: Sending PINGRESP to auto-ECAC56D8-B4D8-23ED-D789-2B003A06C1A0
1739473403: Received PINGREQ from auto-ECAC56D8-B4D8-23ED-D789-2B003A06C1A0
1739473403: Sending PINGRESP to auto-ECAC56D8-B4D8-23ED-D789-2B003A06C1A0
1739473462: Received PINGREQ from auto-ECAC56D8-B4D8-23ED-D789-2B003A06C1A0
1739473462: Sending PINGRESP to auto-ECAC56D8-B4D8-23ED-D789-2B003A06C1A0
1739473522: Received PINGREQ from auto-ECAC56D8-B4D8-23ED-D789-2B003A06C1A0
1739473522: Sending PINGRESP to auto-ECAC56D8-B4D8-23ED-D789-2B003A06C1A0
1739473583: Received PINGREQ from auto-ECAC56D8-B4D8-23ED-D789-2B003A06C1A0
1739473583: Sending PINGRESP to auto-ECAC56D8-B4D8-23ED-D789-2B003A06C1A0
1739473643: Received PINGREQ from auto-ECAC56D8-B4D8-23ED-D789-2B003A06C1A0
1739473643: Sending PINGRESP to auto-ECAC56D8-B4D8-23ED-D789-2B003A06C1A0
1739473702: Received PINGREQ from auto-ECAC56D8-B4D8-23ED-D789-2B003A06C1A0
1739473702: Sending PINGRESP to auto-ECAC56D8-B4D8-23ED-D789-2B003A06C1A0
1739473762: Received PINGREQ from auto-ECAC56D8-B4D8-23ED-D789-2B003A06C1A0
1739473762: Sending PINGRESP to auto-ECAC56D8-B4D8-23ED-D789-2B003A06C1A0
1739473823: Received PINGREQ from auto-ECAC56D8-B4D8-23ED-D789-2B003A06C1A0
1739473823: Sending PINGRESP to auto-ECAC56D8-B4D8-23ED-D789-2B003A06C1A0
1739473883: Received PINGREQ from auto-ECAC56D8-B4D8-23ED-D789-2B003A06C1A0
1739473883: Sending PINGRESP to auto-ECAC56D8-B4D8-23ED-D789-2B003A06C1A0
1739473942: Received PINGREQ from auto-ECAC56D8-B4D8-23ED-D789-2B003A06C1A0
1739473942: Sending PINGRESP to auto-ECAC56D8-B4D8-23ED-D789-2B003A06C1A0
1739474003: Received PINGREQ from auto-ECAC56D8-B4D8-23ED-D789-2B003A06C1A0
1739474003: Sending PINGRESP to auto-ECAC56D8-B4D8-23ED-D789-2B003A06C1A0
1739474062: Received PINGREQ from auto-ECAC56D8-B4D8-23ED-D789-2B003A06C1A0
1739474062: Sending PINGRESP to auto-ECAC56D8-B4D8-23ED-D789-2B003A06C1A0
1739474123: Received PINGREQ from auto-ECAC56D8-B4D8-23ED-D789-2B003A06C1A0
1739474123: Sending PINGRESP to auto-ECAC56D8-B4D8-23ED-D789-2B003A06C1A0
1739474183: Received PINGREQ from auto-ECAC56D8-B4D8-23ED-D789-2B003A06C1A0
1739474183: Sending PINGRESP to auto-ECAC56D8-B4D8-23ED-D789-2B003A06C1A0
1739474242: Received PINGREQ from auto-ECAC56D8-B4D8-23ED-D789-2B003A06C1A0
1739474242: Sending PINGRESP to auto-ECAC56D8-B4D8-23ED-D789-2B003A06C1A0
1739474303: Received PINGREQ from auto-ECAC56D8-B4D8-23ED-D789-2B003A06C1A0
1739474303: Sending PINGRESP to auto-ECAC56D8-B4D8-23ED-D789-2B003A06C1A0
1739474363: Received PINGREQ from auto-ECAC56D8-B4D8-23ED-D789-2B003A06C1A0
1739474363: Sending PINGRESP to auto-ECAC56D8-B4D8-23ED-D789-2B003A06C1A0
1739474422: Received PINGREQ from auto-ECAC56D8-B4D8-23ED-D789-2B003A06C1A0
1739474422: Sending PINGRESP to auto-ECAC56D8-B4D8-23ED-D789-2B003A06C1A0
1739474483: Received PINGREQ from auto-ECAC56D8-B4D8-23ED-D789-2B003A06C1A0
1739474483: Sending PINGRESP to auto-ECAC56D8-B4D8-23ED-D789-2B003A06C1A0
1739474542: Received PINGREQ from auto-ECAC56D8-B4D8-23ED-D789-2B003A06C1A0
1739474542: Sending PINGRESP to auto-ECAC56D8-B4D8-23ED-D789-2B003A06C1A0
1739474573: Received DISCONNECT from auto-ECAC56D8-B4D8-23ED-D789-2B003A06C1A0
1739474573: Client auto-ECAC56D8-B4D8-23ED-D789-2B003A06C1A0 disconnected.
